<?xml version="1.0" encoding="UTF-8"?>
<!-- Generated by org.testng.reporters.JUnitReportReporter -->
<testsuite hostname="USIVNWIAQ200" name="com.sus.api.scm.runner.APIRunner" tests="1" failures="0" timestamp="20 Feb 2021 12:36:54 GMT" time="8.166" errors="0">
  <testcase name="feature" time="8.166" classname="com.sus.api.scm.runner.APIRunner"/>
</testsuite> <!-- com.sus.api.scm.runner.APIRunner -->
